c:\users\aca19\desktop\programi\opengl\thecherno\thecherno\debug\vc141.pdb
c:\users\aca19\desktop\programi\opengl\thecherno\thecherno\debug\vc141.idb
c:\users\aca19\desktop\programi\opengl\thecherno\thecherno\debug\vertexbuffer.obj
c:\users\aca19\desktop\programi\opengl\thecherno\thecherno\debug\renderer.obj
c:\users\aca19\desktop\programi\opengl\thecherno\thecherno\debug\indexbuffer.obj
c:\users\aca19\desktop\programi\opengl\thecherno\thecherno\debug\application.obj
c:\users\aca19\desktop\programi\opengl\thecherno\thecherno\debug\vertexarray.obj
c:\users\aca19\desktop\programi\opengl\thecherno\thecherno\debug\shader.obj
c:\users\aca19\desktop\programi\opengl\thecherno\thecherno\debug\texture.obj
c:\users\aca19\desktop\programi\opengl\thecherno\thecherno\debug\stb_image.obj
c:\users\aca19\desktop\programi\opengl\thecherno\thecherno\debug\glm.obj
c:\users\aca19\desktop\programi\opengl\thecherno\debug\thecherno.exe
c:\users\aca19\desktop\programi\opengl\thecherno\debug\thecherno.ilk
c:\users\aca19\desktop\programi\opengl\thecherno\debug\thecherno.pdb
c:\users\aca19\desktop\programi\opengl\thecherno\thecherno\debug\thecherno.tlog\cl.command.1.tlog
c:\users\aca19\desktop\programi\opengl\thecherno\thecherno\debug\thecherno.tlog\cl.read.1.tlog
c:\users\aca19\desktop\programi\opengl\thecherno\thecherno\debug\thecherno.tlog\cl.write.1.tlog
c:\users\aca19\desktop\programi\opengl\thecherno\thecherno\debug\thecherno.tlog\link.command.1.tlog
c:\users\aca19\desktop\programi\opengl\thecherno\thecherno\debug\thecherno.tlog\link.read.1.tlog
c:\users\aca19\desktop\programi\opengl\thecherno\thecherno\debug\thecherno.tlog\link.write.1.tlog
